<?xml version="1.0" encoding="UTF-8"?>
<testsuite xmlns:xsi="http://www.w3.org/2001/XMLSchema-instance" xsi:schemaLocation="https://maven.apache.org/surefire/maven-surefire-plugin/xsd/surefire-test-report.xsd" name="TestSuite" time="20.918" tests="9" errors="0" skipped="0" failures="0">
  <properties>
[...]
</properties>
  <testcase name="validateRegisterFunctionality" classname="TestLayer.RegisterPageTest" time="3.56"/>
  <testcase name="abc" classname="TestLayer.RegisterSucessTest" time="0.005"/>
  <testcase name="pqr" classname="TestLayer.RegisterSucessTest" time="0"/>
  <testcase name="pqr1" classname="TestLayer.RegisterSucessTest" time="0"/>
  <testcase name="xyz" classname="TestLayer.RegisterSucessTest" time="0"/>
  <testcase name="validateSucessPageUrl" classname="TestLayer.RegisterSucessTest" time="0.008"/>
  <testcase name="validateFirstName" classname="TestLayer.RegisterSucessTest" time="0.02"/>
  <testcase name="validateLastName" classname="TestLayer.RegisterSucessTest" time="0.049"/>
  <testcase name="validateEmailId" classname="TestLayer.RegisterSucessTest" time="0.017"/>
</testsuite>