<?xml version="1.0" encoding="UTF-8"?>
<testng-results ignored="0" total="20" passed="20" failed="0" skipped="0">
  <reporter-output>
  </reporter-output>
  <suite started-at="2025-02-27T20:11:36 IST" name="Guru 99 Application" finished-at="2025-02-27T20:11:49 IST" duration-ms="12352">
    <groups>
      <group name="RegisterSucess">
        <method signature="RegisterSucessTest.abc()[pri:0, instance:TestLayer.RegisterSucessTest@4802796d]" name="abc" class="TestLayer.RegisterSucessTest"/>
        <method signature="RegisterSucessTest.abc10000()[pri:0, instance:TestLayer.RegisterSucessTest@4802796d]" name="abc10000" class="TestLayer.RegisterSucessTest"/>
        <method signature="RegisterSucessTest.p1()[pri:0, instance:TestLayer.RegisterSucessTest@4802796d]" name="p1" class="TestLayer.RegisterSucessTest"/>
        <method signature="RegisterSucessTest.p2()[pri:0, instance:TestLayer.RegisterSucessTest@4802796d]" name="p2" class="TestLayer.RegisterSucessTest"/>
        <method signature="RegisterSucessTest.p2900()[pri:0, instance:TestLayer.RegisterSucessTest@4802796d]" name="p2900" class="TestLayer.RegisterSucessTest"/>
        <method signature="RegisterSucessTest.pqr()[pri:0, instance:TestLayer.RegisterSucessTest@4802796d]" name="pqr" class="TestLayer.RegisterSucessTest"/>
        <method signature="RegisterSucessTest.pqr1()[pri:0, instance:TestLayer.RegisterSucessTest@4802796d]" name="pqr1" class="TestLayer.RegisterSucessTest"/>
        <method signature="RegisterSucessTest.pqr200()[pri:0, instance:TestLayer.RegisterSucessTest@4802796d]" name="pqr200" class="TestLayer.RegisterSucessTest"/>
        <method signature="RegisterSucessTest.xyz()[pri:0, instance:TestLayer.RegisterSucessTest@4802796d]" name="xyz" class="TestLayer.RegisterSucessTest"/>
      </group> <!-- RegisterSucess -->
      <group name="RegisterPage">
        <method signature="RegisterPageTest.ab()[pri:0, instance:TestLayer.RegisterPageTest@7b2bbc3]" name="ab" class="TestLayer.RegisterPageTest"/>
        <method signature="RegisterPageTest.ab1()[pri:0, instance:TestLayer.RegisterPageTest@7b2bbc3]" name="ab1" class="TestLayer.RegisterPageTest"/>
        <method signature="RegisterPageTest.p()[pri:0, instance:TestLayer.RegisterPageTest@7b2bbc3]" name="p" class="TestLayer.RegisterPageTest"/>
        <method signature="RegisterPageTest.p1()[pri:0, instance:TestLayer.RegisterPageTest@7b2bbc3]" name="p1" class="TestLayer.RegisterPageTest"/>
        <method signature="RegisterPageTest.p2()[pri:0, instance:TestLayer.RegisterPageTest@7b2bbc3]" name="p2" class="TestLayer.RegisterPageTest"/>
        <method signature="RegisterPageTest.tearDown1()[pri:0, instance:TestLayer.RegisterPageTest@7b2bbc3]" name="tearDown1" class="TestLayer.RegisterPageTest"/>
        <method signature="RegisterPageTest.tearDown2()[pri:0, instance:TestLayer.RegisterPageTest@7b2bbc3]" name="tearDown2" class="TestLayer.RegisterPageTest"/>
        <method signature="RegisterPageTest.tearDown3()[pri:0, instance:TestLayer.RegisterPageTest@7b2bbc3]" name="tearDown3" class="TestLayer.RegisterPageTest"/>
        <method signature="RegisterPageTest.validateRegisterFunctionality()[pri:0, instance:TestLayer.RegisterPageTest@7b2bbc3]" name="validateRegisterFunctionality" class="TestLayer.RegisterPageTest"/>
      </group> <!-- RegisterPage -->
      <group name="LoginPage">
        <method signature="LoginPageTest.validateLoginFunctionality()[pri:1, instance:TestLayer.LoginPageTest@34123d65]" name="validateLoginFunctionality" class="TestLayer.LoginPageTest"/>
        <method signature="LoginPageTest.validateMessage()[pri:2, instance:TestLayer.LoginPageTest@34123d65]" name="validateMessage" class="TestLayer.LoginPageTest"/>
      </group> <!-- LoginPage -->
    </groups>
    <test started-at="2025-02-27T20:11:36 IST" name="Register Page Sucess Test Cases" finished-at="2025-02-27T20:11:49 IST" duration-ms="12352">
      <class name="TestLayer.RegisterSucessTest">
        <test-method signature="abc()[pri:0, instance:TestLayer.RegisterSucessTest@4802796d]" started-at="2025-02-27T20:11:44 IST" name="abc" depends-on-groups="RegisterPage" finished-at="2025-02-27T20:11:44 IST" duration-ms="0" status="PASS">
          <reporter-output>
          </reporter-output>
        </test-method> <!-- abc -->
        <test-method signature="abc10000()[pri:0, instance:TestLayer.RegisterSucessTest@4802796d]" started-at="2025-02-27T20:11:45 IST" name="abc10000" depends-on-groups="RegisterPage" finished-at="2025-02-27T20:11:45 IST" duration-ms="1" status="PASS">
          <reporter-output>
          </reporter-output>
        </test-method> <!-- abc10000 -->
        <test-method signature="p1()[pri:0, instance:TestLayer.RegisterSucessTest@4802796d]" started-at="2025-02-27T20:11:45 IST" name="p1" depends-on-groups="RegisterPage" finished-at="2025-02-27T20:11:45 IST" duration-ms="2" status="PASS">
          <reporter-output>
          </reporter-output>
        </test-method> <!-- p1 -->
        <test-method signature="p2()[pri:0, instance:TestLayer.RegisterSucessTest@4802796d]" started-at="2025-02-27T20:11:45 IST" name="p2" depends-on-groups="RegisterPage" finished-at="2025-02-27T20:11:45 IST" duration-ms="0" status="PASS">
          <reporter-output>
          </reporter-output>
        </test-method> <!-- p2 -->
        <test-method signature="p2900()[pri:0, instance:TestLayer.RegisterSucessTest@4802796d]" started-at="2025-02-27T20:11:45 IST" name="p2900" depends-on-groups="RegisterPage" finished-at="2025-02-27T20:11:45 IST" duration-ms="1" status="PASS">
          <reporter-output>
          </reporter-output>
        </test-method> <!-- p2900 -->
        <test-method signature="pqr()[pri:0, instance:TestLayer.RegisterSucessTest@4802796d]" started-at="2025-02-27T20:11:45 IST" name="pqr" depends-on-groups="RegisterPage" finished-at="2025-02-27T20:11:45 IST" duration-ms="1" status="PASS">
          <reporter-output>
          </reporter-output>
        </test-method> <!-- pqr -->
        <test-method signature="pqr1()[pri:0, instance:TestLayer.RegisterSucessTest@4802796d]" started-at="2025-02-27T20:11:46 IST" name="pqr1" depends-on-groups="RegisterPage" finished-at="2025-02-27T20:11:46 IST" duration-ms="2" status="PASS">
          <reporter-output>
          </reporter-output>
        </test-method> <!-- pqr1 -->
        <test-method signature="pqr200()[pri:0, instance:TestLayer.RegisterSucessTest@4802796d]" started-at="2025-02-27T20:11:46 IST" name="pqr200" depends-on-groups="RegisterPage" finished-at="2025-02-27T20:11:46 IST" duration-ms="0" status="PASS">
          <reporter-output>
          </reporter-output>
        </test-method> <!-- pqr200 -->
        <test-method signature="xyz()[pri:0, instance:TestLayer.RegisterSucessTest@4802796d]" started-at="2025-02-27T20:11:46 IST" name="xyz" depends-on-groups="RegisterPage" finished-at="2025-02-27T20:11:46 IST" duration-ms="1" status="PASS">
          <reporter-output>
          </reporter-output>
        </test-method> <!-- xyz -->
      </class> <!-- TestLayer.RegisterSucessTest -->
      <class name="TestLayer.LoginPageTest">
        <test-method signature="validateLoginFunctionality()[pri:1, instance:TestLayer.LoginPageTest@34123d65]" started-at="2025-02-27T20:11:46 IST" name="validateLoginFunctionality" finished-at="2025-02-27T20:11:48 IST" duration-ms="2234" status="PASS">
          <reporter-output>
          </reporter-output>
        </test-method> <!-- validateLoginFunctionality -->
        <test-method signature="validateMessage()[pri:2, instance:TestLayer.LoginPageTest@34123d65]" started-at="2025-02-27T20:11:49 IST" name="validateMessage" finished-at="2025-02-27T20:11:49 IST" duration-ms="45" status="PASS">
          <reporter-output>
          </reporter-output>
        </test-method> <!-- validateMessage -->
      </class> <!-- TestLayer.LoginPageTest -->
      <class name="TestLayer.RegisterPageTest">
        <test-method is-config="true" signature="setUp(java.lang.String)[pri:0, instance:TestLayer.RegisterPageTest@7b2bbc3]" started-at="2025-02-27T20:11:37 IST" name="setUp" finished-at="2025-02-27T20:11:39 IST" duration-ms="2864" status="PASS">
          <params>
            <param index="0">
              <value>
                <![CDATA[chrome]]>
              </value>
            </param>
          </params>
          <reporter-output>
          </reporter-output>
        </test-method> <!-- setUp -->
        <test-method signature="ab()[pri:0, instance:TestLayer.RegisterPageTest@7b2bbc3]" started-at="2025-02-27T20:11:39 IST" name="ab" finished-at="2025-02-27T20:11:40 IST" duration-ms="14" status="PASS">
          <reporter-output>
          </reporter-output>
        </test-method> <!-- ab -->
        <test-method signature="ab1()[pri:0, instance:TestLayer.RegisterPageTest@7b2bbc3]" started-at="2025-02-27T20:11:41 IST" name="ab1" finished-at="2025-02-27T20:11:41 IST" duration-ms="2" status="PASS">
          <reporter-output>
          </reporter-output>
        </test-method> <!-- ab1 -->
        <test-method signature="p()[pri:0, instance:TestLayer.RegisterPageTest@7b2bbc3]" started-at="2025-02-27T20:11:41 IST" name="p" finished-at="2025-02-27T20:11:41 IST" duration-ms="1" status="PASS">
          <reporter-output>
          </reporter-output>
        </test-method> <!-- p -->
        <test-method signature="p1()[pri:0, instance:TestLayer.RegisterPageTest@7b2bbc3]" started-at="2025-02-27T20:11:41 IST" name="p1" finished-at="2025-02-27T20:11:41 IST" duration-ms="1" status="PASS">
          <reporter-output>
          </reporter-output>
        </test-method> <!-- p1 -->
        <test-method signature="p2()[pri:0, instance:TestLayer.RegisterPageTest@7b2bbc3]" started-at="2025-02-27T20:11:42 IST" name="p2" finished-at="2025-02-27T20:11:42 IST" duration-ms="1" status="PASS">
          <reporter-output>
          </reporter-output>
        </test-method> <!-- p2 -->
        <test-method signature="tearDown1()[pri:0, instance:TestLayer.RegisterPageTest@7b2bbc3]" started-at="2025-02-27T20:11:42 IST" name="tearDown1" finished-at="2025-02-27T20:11:42 IST" duration-ms="0" status="PASS">
          <reporter-output>
          </reporter-output>
        </test-method> <!-- tearDown1 -->
        <test-method signature="tearDown2()[pri:0, instance:TestLayer.RegisterPageTest@7b2bbc3]" started-at="2025-02-27T20:11:42 IST" name="tearDown2" finished-at="2025-02-27T20:11:42 IST" duration-ms="1" status="PASS">
          <reporter-output>
          </reporter-output>
        </test-method> <!-- tearDown2 -->
        <test-method signature="tearDown3()[pri:0, instance:TestLayer.RegisterPageTest@7b2bbc3]" started-at="2025-02-27T20:11:42 IST" name="tearDown3" finished-at="2025-02-27T20:11:42 IST" duration-ms="0" status="PASS">
          <reporter-output>
          </reporter-output>
        </test-method> <!-- tearDown3 -->
        <test-method signature="validateRegisterFunctionality()[pri:0, instance:TestLayer.RegisterPageTest@7b2bbc3]" started-at="2025-02-27T20:11:42 IST" name="validateRegisterFunctionality" finished-at="2025-02-27T20:11:44 IST" duration-ms="2039" status="PASS">
          <reporter-output>
          </reporter-output>
        </test-method> <!-- validateRegisterFunctionality -->
        <test-method is-config="true" signature="tearDown()[pri:0, instance:TestLayer.RegisterPageTest@7b2bbc3]" started-at="2025-02-27T20:11:49 IST" name="tearDown" finished-at="2025-02-27T20:11:50 IST" duration-ms="606" status="PASS">
          <reporter-output>
          </reporter-output>
        </test-method> <!-- tearDown -->
      </class> <!-- TestLayer.RegisterPageTest -->
    </test> <!-- Register Page Sucess Test Cases -->
  </suite> <!-- Guru 99 Application -->
</testng-results>
