<?xml version="1.0" encoding="UTF-8"?>
<!-- Generated by org.testng.reporters.JUnitXMLReporter -->
<testsuite ignored="0" hostname="DESKTOP-4G6V73A" failures="0" tests="9" name="Register Page Sucess Test Cases" time="19.0" errors="0" timestamp="2023-05-11T19:53:43 IST">
  <testcase classname="TestLayer.RegisterPageTest" name="validateRegisterFunctionality" time="3.555"/>
  <testcase classname="TestLayer.RegisterSucessTest" name="abc" time="0.005"/>
  <testcase classname="TestLayer.RegisterSucessTest" name="pqr" time="0.0"/>
  <testcase classname="TestLayer.RegisterSucessTest" name="pqr1" time="0.0"/>
  <testcase classname="TestLayer.RegisterSucessTest" name="xyz" time="0.001"/>
  <testcase classname="TestLayer.RegisterSucessTest" name="validateSucessPageUrl" time="0.008"/>
  <testcase classname="TestLayer.RegisterSucessTest" name="validateFirstName" time="0.02"/>
  <testcase classname="TestLayer.RegisterSucessTest" name="validateLastName" time="0.049"/>
  <testcase classname="TestLayer.RegisterSucessTest" name="validateEmailId" time="0.017"/>
</testsuite> <!-- Register Page Sucess Test Cases -->
