<?xml version="1.0" encoding="UTF-8"?>
<!-- Generated by org.testng.reporters.JUnitXMLReporter -->
<testsuite ignored="0" hostname="Praful" failures="0" tests="22" name="Register Page Sucess Test Cases" time="12.255" errors="0" timestamp="2025-02-27T19:55:00 IST">
  <testcase classname="TestLayer.RegisterPageTest" name="ab" time="0.008"/>
  <testcase classname="TestLayer.RegisterPageTest" name="ab1" time="0.0"/>
  <testcase classname="TestLayer.RegisterPageTest" name="p" time="0.001"/>
  <testcase classname="TestLayer.RegisterPageTest" name="p1" time="0.0"/>
  <testcase classname="TestLayer.RegisterPageTest" name="p2" time="0.001"/>
  <testcase classname="TestLayer.RegisterPageTest" name="tearDown1" time="0.0"/>
  <testcase classname="TestLayer.RegisterPageTest" name="tearDown2" time="0.0"/>
  <testcase classname="TestLayer.RegisterPageTest" name="tearDown3" time="0.0"/>
  <testcase classname="TestLayer.RegisterPageTest" name="validateRegisterFunctionality" time="2.43"/>
  <testcase classname="TestLayer.RegisterSucessTest" name="abc" time="0.001"/>
  <testcase classname="TestLayer.RegisterSucessTest" name="abc10000" time="0.0"/>
  <testcase classname="TestLayer.RegisterSucessTest" name="p1" time="0.001"/>
  <testcase classname="TestLayer.RegisterSucessTest" name="p2" time="0.0"/>
  <testcase classname="TestLayer.RegisterSucessTest" name="p2900" time="0.0"/>
  <testcase classname="TestLayer.RegisterSucessTest" name="pqr" time="0.0"/>
  <testcase classname="TestLayer.RegisterSucessTest" name="pqr1" time="0.0"/>
  <testcase classname="TestLayer.RegisterSucessTest" name="pqr200" time="0.0"/>
  <testcase classname="TestLayer.RegisterSucessTest" name="xyz" time="0.0"/>
  <testcase classname="TestLayer.RegisterSucessTest" name="validateSucessPageUrl" time="0.009"/>
  <testcase classname="TestLayer.RegisterSucessTest" name="validateFirstName" time="0.023"/>
  <testcase classname="TestLayer.RegisterSucessTest" name="validateLastName" time="0.027"/>
  <testcase classname="TestLayer.RegisterSucessTest" name="validateEmailId" time="0.018"/>
</testsuite> <!-- Register Page Sucess Test Cases -->
